2026-03-03 09:45:50 startup archives install
2026-03-03 09:45:50 upgrade c4-component-support-scripts:all 5.0.0.202511032336-r1 5.0.0.202602242020-r1.2
2026-03-03 09:45:50 status half-configured c4-component-support-scripts:all 5.0.0.202511032336-r1
2026-03-03 09:45:50 status unpacked c4-component-support-scripts:all 5.0.0.202511032336-r1
2026-03-03 09:45:50 status half-installed c4-component-support-scripts:all 5.0.0.202511032336-r1
2026-03-03 09:45:50 status unpacked c4-component-support-scripts:all 5.0.0.202602242020-r1.2
2026-03-03 09:45:50 configure c4-component-support-scripts:all 5.0.0.202602242020-r1.2 5.0.0.202602242020-r1.2
2026-03-03 09:45:50 status half-configured c4-component-support-scripts:all 5.0.0.202602242020-r1.2
2026-03-03 09:45:50 status installed c4-component-support-scripts:all 5.0.0.202602242020-r1.2
2026-03-03 09:45:51 startup archives install
2026-03-03 09:45:51 upgrade support-scripts:all 5.0.0.202511032336-r1 5.0.0.202602242020-r1.2
2026-03-03 09:45:51 status half-configured support-scripts:all 5.0.0.202511032336-r1
2026-03-03 09:45:51 status unpacked support-scripts:all 5.0.0.202511032336-r1
2026-03-03 09:45:51 status half-installed support-scripts:all 5.0.0.202511032336-r1
2026-03-03 09:45:51 status unpacked support-scripts:all 5.0.0.202602242020-r1.2
2026-03-03 09:45:51 configure support-scripts:all 5.0.0.202602242020-r1.2 5.0.0.202602242020-r1.2
2026-03-03 09:45:51 status half-configured support-scripts:all 5.0.0.202602242020-r1.2
2026-03-03 09:45:51 status installed support-scripts:all 5.0.0.202602242020-r1.2
2026-03-06 02:11:06 startup archives unpack
2026-03-06 02:11:06 upgrade c4-node-mods:arm64 1:4.1.0-2026.01.12.18.48-r0 1:4.1.0-2026.02.24.22.30-r0
2026-03-06 02:11:06 status half-configured c4-node-mods:arm64 1:4.1.0-2026.01.12.18.48-r0
2026-03-06 02:11:06 status unpacked c4-node-mods:arm64 1:4.1.0-2026.01.12.18.48-r0
2026-03-06 02:11:06 status half-installed c4-node-mods:arm64 1:4.1.0-2026.01.12.18.48-r0
2026-03-06 02:11:10 status unpacked c4-node-mods:arm64 1:4.1.0-2026.02.24.22.30-r0
2026-03-06 02:11:10 upgrade c4-component-broker:all 4.1.0.100025-r0 4.1.0.100028-r0
2026-03-06 02:11:10 status half-configured c4-component-broker:all 4.1.0.100025-r0
2026-03-06 02:11:10 status unpacked c4-component-broker:all 4.1.0.100025-r0
2026-03-06 02:11:10 status half-installed c4-component-broker:all 4.1.0.100025-r0
2026-03-06 02:11:10 status unpacked c4-component-broker:all 4.1.0.100028-r0
2026-03-06 02:11:11 startup packages configure
2026-03-06 02:11:11 configure c4-node-mods:arm64 1:4.1.0-2026.02.24.22.30-r0 <none>
2026-03-06 02:11:11 status unpacked c4-node-mods:arm64 1:4.1.0-2026.02.24.22.30-r0
2026-03-06 02:11:11 status half-configured c4-node-mods:arm64 1:4.1.0-2026.02.24.22.30-r0
2026-03-06 02:11:11 status installed c4-node-mods:arm64 1:4.1.0-2026.02.24.22.30-r0
2026-03-06 02:11:11 configure c4-component-broker:all 4.1.0.100028-r0 <none>
2026-03-06 02:11:11 status unpacked c4-component-broker:all 4.1.0.100028-r0
2026-03-06 02:11:11 status half-configured c4-component-broker:all 4.1.0.100028-r0
2026-03-06 02:11:11 status installed c4-component-broker:all 4.1.0.100028-r0
2026-03-06 11:30:52 startup archives install
2026-03-06 11:30:52 upgrade support-scripts:all 5.0.0.202602242020-r1.2 5.0.0.202603052156
2026-03-06 11:30:52 status half-configured support-scripts:all 5.0.0.202602242020-r1.2
2026-03-06 11:30:52 status unpacked support-scripts:all 5.0.0.202602242020-r1.2
2026-03-06 11:30:52 status half-installed support-scripts:all 5.0.0.202602242020-r1.2
2026-03-06 11:30:52 status unpacked support-scripts:all 5.0.0.202603052156
2026-03-06 11:30:52 configure support-scripts:all 5.0.0.202603052156 5.0.0.202603052156
2026-03-06 11:30:52 status half-configured support-scripts:all 5.0.0.202603052156
2026-03-06 11:30:52 status installed support-scripts:all 5.0.0.202603052156
2026-03-06 11:30:52 startup archives install
2026-03-06 11:30:52 upgrade c4-component-support-scripts:all 5.0.0.202602242020-r1.2 5.0.0.202603052156
2026-03-06 11:30:52 status half-configured c4-component-support-scripts:all 5.0.0.202602242020-r1.2
2026-03-06 11:30:52 status unpacked c4-component-support-scripts:all 5.0.0.202602242020-r1.2
2026-03-06 11:30:52 status half-installed c4-component-support-scripts:all 5.0.0.202602242020-r1.2
2026-03-06 11:30:52 status unpacked c4-component-support-scripts:all 5.0.0.202603052156
2026-03-06 11:30:52 configure c4-component-support-scripts:all 5.0.0.202603052156 5.0.0.202603052156
2026-03-06 11:30:52 status half-configured c4-component-support-scripts:all 5.0.0.202603052156
2026-03-06 11:30:52 status installed c4-component-support-scripts:all 5.0.0.202603052156
2026-03-25 14:18:19 startup archives install
2026-03-25 14:18:20 upgrade support-scripts:all 5.0.0.202603052156 5.0.0.202603182039
2026-03-25 14:18:20 status half-configured support-scripts:all 5.0.0.202603052156
2026-03-25 14:18:20 status unpacked support-scripts:all 5.0.0.202603052156
2026-03-25 14:18:20 status half-installed support-scripts:all 5.0.0.202603052156
2026-03-25 14:18:20 status unpacked support-scripts:all 5.0.0.202603182039
2026-03-25 14:18:20 configure support-scripts:all 5.0.0.202603182039 5.0.0.202603182039
2026-03-25 14:18:20 status half-configured support-scripts:all 5.0.0.202603182039
2026-03-25 14:18:20 status installed support-scripts:all 5.0.0.202603182039
2026-03-25 14:18:20 startup archives install
2026-03-25 14:18:20 upgrade c4-component-support-scripts:all 5.0.0.202603052156 5.0.0.202603182039
2026-03-25 14:18:20 status half-configured c4-component-support-scripts:all 5.0.0.202603052156
2026-03-25 14:18:20 status unpacked c4-component-support-scripts:all 5.0.0.202603052156
2026-03-25 14:18:20 status half-installed c4-component-support-scripts:all 5.0.0.202603052156
2026-03-25 14:18:20 status unpacked c4-component-support-scripts:all 5.0.0.202603182039
2026-03-25 14:18:20 configure c4-component-support-scripts:all 5.0.0.202603182039 5.0.0.202603182039
2026-03-25 14:18:20 status half-configured c4-component-support-scripts:all 5.0.0.202603182039
2026-03-25 14:18:20 status installed c4-component-support-scripts:all 5.0.0.202603182039
2026-04-15 12:50:36 startup archives install
2026-04-15 12:50:36 upgrade support-scripts:all 5.0.0.202603182039 5.0.0.202604081345
2026-04-15 12:50:36 status half-configured support-scripts:all 5.0.0.202603182039
2026-04-15 12:50:36 status unpacked support-scripts:all 5.0.0.202603182039
2026-04-15 12:50:36 status half-installed support-scripts:all 5.0.0.202603182039
2026-04-15 12:50:37 status unpacked support-scripts:all 5.0.0.202604081345
2026-04-15 12:50:37 configure support-scripts:all 5.0.0.202604081345 5.0.0.202604081345
2026-04-15 12:50:37 status half-configured support-scripts:all 5.0.0.202604081345
2026-04-15 12:50:37 status installed support-scripts:all 5.0.0.202604081345
2026-04-15 12:50:37 startup archives install
2026-04-15 12:50:37 upgrade c4-component-support-scripts:all 5.0.0.202603182039 5.0.0.202604081345
2026-04-15 12:50:37 status half-configured c4-component-support-scripts:all 5.0.0.202603182039
2026-04-15 12:50:37 status unpacked c4-component-support-scripts:all 5.0.0.202603182039
2026-04-15 12:50:37 status half-installed c4-component-support-scripts:all 5.0.0.202603182039
2026-04-15 12:50:37 status unpacked c4-component-support-scripts:all 5.0.0.202604081345
2026-04-15 12:50:37 configure c4-component-support-scripts:all 5.0.0.202604081345 5.0.0.202604081345
2026-04-15 12:50:37 status half-configured c4-component-support-scripts:all 5.0.0.202604081345
2026-04-15 12:50:37 status installed c4-component-support-scripts:all 5.0.0.202604081345
2026-05-22 02:11:10 startup archives unpack
2026-05-22 02:11:10 upgrade upmand:arm64 1:4.1.0-2025.08.25.22.07-r0.2 1:4.1.0-2026.05.12.15.36-r0
2026-05-22 02:11:10 status half-configured upmand:arm64 1:4.1.0-2025.08.25.22.07-r0.2
2026-05-22 02:11:10 status unpacked upmand:arm64 1:4.1.0-2025.08.25.22.07-r0.2
2026-05-22 02:11:10 status half-installed upmand:arm64 1:4.1.0-2025.08.25.22.07-r0.2
2026-05-22 02:11:11 status unpacked upmand:arm64 1:4.1.0-2026.05.12.15.36-r0
2026-05-22 02:11:11 upgrade c4-component-upmand:all 4.1.0.100012-r0.0 4.1.0.100014-r0
2026-05-22 02:11:11 status half-configured c4-component-upmand:all 4.1.0.100012-r0.0
2026-05-22 02:11:11 status unpacked c4-component-upmand:all 4.1.0.100012-r0.0
2026-05-22 02:11:11 status half-installed c4-component-upmand:all 4.1.0.100012-r0.0
2026-05-22 02:11:11 status unpacked c4-component-upmand:all 4.1.0.100014-r0
2026-05-22 02:11:11 startup packages configure
2026-05-22 02:11:11 configure upmand:arm64 1:4.1.0-2026.05.12.15.36-r0 <none>
2026-05-22 02:11:11 status unpacked upmand:arm64 1:4.1.0-2026.05.12.15.36-r0
2026-05-22 02:11:11 status half-configured upmand:arm64 1:4.1.0-2026.05.12.15.36-r0
2026-05-22 02:11:14 status installed upmand:arm64 1:4.1.0-2026.05.12.15.36-r0
2026-05-22 02:11:14 configure c4-component-upmand:all 4.1.0.100014-r0 <none>
2026-05-22 02:11:14 status unpacked c4-component-upmand:all 4.1.0.100014-r0
2026-05-22 02:11:14 status half-configured c4-component-upmand:all 4.1.0.100014-r0
2026-05-22 02:11:14 status installed c4-component-upmand:all 4.1.0.100014-r0
2026-06-01 09:31:30 startup archives install
2026-06-01 09:31:30 upgrade support-scripts:all 5.0.0.202604081345 5.0.0.202605282047
2026-06-01 09:31:30 status half-configured support-scripts:all 5.0.0.202604081345
2026-06-01 09:31:30 status unpacked support-scripts:all 5.0.0.202604081345
2026-06-01 09:31:30 status half-installed support-scripts:all 5.0.0.202604081345
2026-06-01 09:31:30 status unpacked support-scripts:all 5.0.0.202605282047
2026-06-01 09:31:30 configure support-scripts:all 5.0.0.202605282047 5.0.0.202605282047
2026-06-01 09:31:30 status half-configured support-scripts:all 5.0.0.202605282047
2026-06-01 09:31:31 status installed support-scripts:all 5.0.0.202605282047
2026-06-01 09:31:31 startup archives install
2026-06-01 09:31:31 upgrade c4-component-support-scripts:all 5.0.0.202604081345 5.0.0.202605282047
2026-06-01 09:31:31 status half-configured c4-component-support-scripts:all 5.0.0.202604081345
2026-06-01 09:31:31 status unpacked c4-component-support-scripts:all 5.0.0.202604081345
2026-06-01 09:31:31 status half-installed c4-component-support-scripts:all 5.0.0.202604081345
2026-06-01 09:31:31 status unpacked c4-component-support-scripts:all 5.0.0.202605282047
2026-06-01 09:31:31 configure c4-component-support-scripts:all 5.0.0.202605282047 5.0.0.202605282047
2026-06-01 09:31:31 status half-configured c4-component-support-scripts:all 5.0.0.202605282047
2026-06-01 09:31:31 status installed c4-component-support-scripts:all 5.0.0.202605282047
2026-06-19 02:11:29 startup archives unpack
2026-06-19 02:11:29 upgrade control4-osd:arm64 2:4.1.0.25.21.1748442880-r3.4 2:4.1.0.26.21.1779716229-r0
2026-06-19 02:11:29 status half-configured control4-osd:arm64 2:4.1.0.25.21.1748442880-r3.4
2026-06-19 02:11:29 status unpacked control4-osd:arm64 2:4.1.0.25.21.1748442880-r3.4
2026-06-19 02:11:29 status half-installed control4-osd:arm64 2:4.1.0.25.21.1748442880-r3.4
2026-06-19 02:11:38 status unpacked control4-osd:arm64 2:4.1.0.26.21.1779716229-r0
2026-06-19 02:11:38 upgrade c4-component-control4-osd:all 3.3.0.100000-r3.1019 4.1.0.26.21.1779716229-r0
2026-06-19 02:11:38 status half-configured c4-component-control4-osd:all 3.3.0.100000-r3.1019
2026-06-19 02:11:38 status unpacked c4-component-control4-osd:all 3.3.0.100000-r3.1019
2026-06-19 02:11:38 status half-installed c4-component-control4-osd:all 3.3.0.100000-r3.1019
2026-06-19 02:11:38 status unpacked c4-component-control4-osd:arm64 4.1.0.26.21.1779716229-r0
2026-06-19 02:11:38 startup packages configure
2026-06-19 02:11:38 configure control4-osd:arm64 2:4.1.0.26.21.1779716229-r0 <none>
2026-06-19 02:11:38 status unpacked control4-osd:arm64 2:4.1.0.26.21.1779716229-r0
2026-06-19 02:11:38 status half-configured control4-osd:arm64 2:4.1.0.26.21.1779716229-r0
2026-06-19 02:12:43 status installed control4-osd:arm64 2:4.1.0.26.21.1779716229-r0
2026-06-19 02:12:43 configure c4-component-control4-osd:arm64 4.1.0.26.21.1779716229-r0 <none>
2026-06-19 02:12:43 status unpacked c4-component-control4-osd:arm64 4.1.0.26.21.1779716229-r0
2026-06-19 02:12:43 status half-configured c4-component-control4-osd:arm64 4.1.0.26.21.1779716229-r0
2026-06-19 02:12:43 status installed c4-component-control4-osd:arm64 4.1.0.26.21.1779716229-r0
2026-06-19 17:18:14 startup archives install
2026-06-19 17:18:14 upgrade support-scripts:all 5.0.0.202605282047 5.0.0.202606191845
2026-06-19 17:18:14 status half-configured support-scripts:all 5.0.0.202605282047
2026-06-19 17:18:14 status unpacked support-scripts:all 5.0.0.202605282047
2026-06-19 17:18:14 status half-installed support-scripts:all 5.0.0.202605282047
2026-06-19 17:18:14 status unpacked support-scripts:all 5.0.0.202606191845
2026-06-19 17:18:14 configure support-scripts:all 5.0.0.202606191845 5.0.0.202606191845
2026-06-19 17:18:14 status half-configured support-scripts:all 5.0.0.202606191845
2026-06-19 17:18:14 status installed support-scripts:all 5.0.0.202606191845
2026-06-19 17:18:14 startup archives install
2026-06-19 17:18:15 upgrade c4-component-support-scripts:all 5.0.0.202605282047 5.0.0.202606191845
2026-06-19 17:18:15 status half-configured c4-component-support-scripts:all 5.0.0.202605282047
2026-06-19 17:18:15 status unpacked c4-component-support-scripts:all 5.0.0.202605282047
2026-06-19 17:18:15 status half-installed c4-component-support-scripts:all 5.0.0.202605282047
2026-06-19 17:18:15 status unpacked c4-component-support-scripts:all 5.0.0.202606191845
2026-06-19 17:18:15 configure c4-component-support-scripts:all 5.0.0.202606191845 5.0.0.202606191845
2026-06-19 17:18:15 status half-configured c4-component-support-scripts:all 5.0.0.202606191845
2026-06-19 17:18:15 status installed c4-component-support-scripts:all 5.0.0.202606191845
2026-06-23 17:41:12 startup archives unpack
2026-06-23 17:41:12 upgrade update-restrictions:arm64 4.1.0-2025.08.14.15.37-r0.3 4.1.0-2026.03.27.23.07-r0
2026-06-23 17:41:12 status half-configured update-restrictions:arm64 4.1.0-2025.08.14.15.37-r0.3
2026-06-23 17:41:12 status unpacked update-restrictions:arm64 4.1.0-2025.08.14.15.37-r0.3
2026-06-23 17:41:12 status half-installed update-restrictions:arm64 4.1.0-2025.08.14.15.37-r0.3
2026-06-23 17:41:12 status unpacked update-restrictions:arm64 4.1.0-2026.03.27.23.07-r0
2026-06-23 17:41:12 upgrade c4-component-update-restrictions:all 4.1.0.100016-r0.0 4.1.0.100017-r0
2026-06-23 17:41:12 status half-configured c4-component-update-restrictions:all 4.1.0.100016-r0.0
2026-06-23 17:41:12 status unpacked c4-component-update-restrictions:all 4.1.0.100016-r0.0
2026-06-23 17:41:12 status half-installed c4-component-update-restrictions:all 4.1.0.100016-r0.0
2026-06-23 17:41:12 status unpacked c4-component-update-restrictions:all 4.1.0.100017-r0
2026-06-23 17:41:12 startup packages configure
2026-06-23 17:41:12 configure update-restrictions:arm64 4.1.0-2026.03.27.23.07-r0 <none>
2026-06-23 17:41:12 status unpacked update-restrictions:arm64 4.1.0-2026.03.27.23.07-r0
2026-06-23 17:41:12 status half-configured update-restrictions:arm64 4.1.0-2026.03.27.23.07-r0
2026-06-23 17:41:12 status installed update-restrictions:arm64 4.1.0-2026.03.27.23.07-r0
2026-06-23 17:41:12 configure c4-component-update-restrictions:all 4.1.0.100017-r0 <none>
2026-06-23 17:41:12 status unpacked c4-component-update-restrictions:all 4.1.0.100017-r0
2026-06-23 17:41:12 status half-configured c4-component-update-restrictions:all 4.1.0.100017-r0
2026-06-23 17:41:12 status installed c4-component-update-restrictions:all 4.1.0.100017-r0
2026-06-26 02:11:26 startup archives unpack
2026-06-26 02:11:26 upgrade control4-osd:arm64 2:4.1.0.26.21.1779716229-r0 2:4.1.0.26.23.1780929556-r0
2026-06-26 02:11:26 status half-configured control4-osd:arm64 2:4.1.0.26.21.1779716229-r0
2026-06-26 02:11:26 status unpacked control4-osd:arm64 2:4.1.0.26.21.1779716229-r0
2026-06-26 02:11:26 status half-installed control4-osd:arm64 2:4.1.0.26.21.1779716229-r0
2026-06-26 02:11:32 status unpacked control4-osd:arm64 2:4.1.0.26.23.1780929556-r0
2026-06-26 02:11:32 upgrade c4-component-control4-osd:arm64 4.1.0.26.21.1779716229-r0 4.1.0.26.23.1780929556-r0
2026-06-26 02:11:32 status half-configured c4-component-control4-osd:arm64 4.1.0.26.21.1779716229-r0
2026-06-26 02:11:32 status unpacked c4-component-control4-osd:arm64 4.1.0.26.21.1779716229-r0
2026-06-26 02:11:32 status half-installed c4-component-control4-osd:arm64 4.1.0.26.21.1779716229-r0
2026-06-26 02:11:32 status unpacked c4-component-control4-osd:arm64 4.1.0.26.23.1780929556-r0
2026-06-26 02:11:32 startup packages configure
2026-06-26 02:11:32 configure control4-osd:arm64 2:4.1.0.26.23.1780929556-r0 <none>
2026-06-26 02:11:32 status unpacked control4-osd:arm64 2:4.1.0.26.23.1780929556-r0
2026-06-26 02:11:32 status half-configured control4-osd:arm64 2:4.1.0.26.23.1780929556-r0
2026-06-26 02:11:59 status installed control4-osd:arm64 2:4.1.0.26.23.1780929556-r0
2026-06-26 02:11:59 configure c4-component-control4-osd:arm64 4.1.0.26.23.1780929556-r0 <none>
2026-06-26 02:11:59 status unpacked c4-component-control4-osd:arm64 4.1.0.26.23.1780929556-r0
2026-06-26 02:11:59 status half-configured c4-component-control4-osd:arm64 4.1.0.26.23.1780929556-r0
2026-06-26 02:11:59 status installed c4-component-control4-osd:arm64 4.1.0.26.23.1780929556-r0
2026-07-11 07:45:20 startup archives unpack
2026-07-11 07:45:21 upgrade hid-middleware-l10n:all 1.80.1-2409101002-4.0.0-r0.1000 1.80.1-2503200814-3.4.0-1.0
2026-07-11 07:45:21 status half-configured hid-middleware-l10n:all 1.80.1-2409101002-4.0.0-r0.1000
2026-07-11 07:45:21 status unpacked hid-middleware-l10n:all 1.80.1-2409101002-4.0.0-r0.1000
2026-07-11 07:45:21 status half-installed hid-middleware-l10n:all 1.80.1-2409101002-4.0.0-r0.1000
2026-07-11 07:45:21 status unpacked hid-middleware-l10n:all 1.80.1-2503200814-3.4.0-1.0
2026-07-11 07:45:21 startup packages configure
2026-07-11 07:45:21 configure hid-middleware-l10n:all 1.80.1-2503200814-3.4.0-1.0 <none>
2026-07-11 07:45:21 status unpacked hid-middleware-l10n:all 1.80.1-2503200814-3.4.0-1.0
2026-07-11 07:45:21 status half-configured hid-middleware-l10n:all 1.80.1-2503200814-3.4.0-1.0
2026-07-11 07:45:21 status installed hid-middleware-l10n:all 1.80.1-2503200814-3.4.0-1.0
