2026-02-11 13:50:24 core5-000FFF9FC470 [] /var/lib/dpkg/info/cvm-getter.postinst: Created /etc/cron.d/cvm-getter and added cron job
2026-02-11 13:50:24 core5-000FFF9FC470 [] /var/lib/dpkg/info/cvm-getter.postinst: Sent HUP signal to crond to reload changes
2026-02-11 13:55:01 core5-000FFF9FC470 [] /opt/control4/bin/get-cvm-cert.sh: Non-legacy board detected: core5
2026-02-11 13:55:02 core5-000FFF9FC470 [] /opt/control4/bin/get-cvm-cert.sh: Flag value: 1
2026-02-11 13:55:02 core5-000FFF9FC470 [] /opt/control4/bin/get-cvm-cert.sh: Attempting to get a certificate...
2026-02-11 13:55:02.704 -0600 core5-000FFF9FC470 [7114] INFO: Logger initialized.
2026-02-11 13:55:02.704 -0600 core5-000FFF9FC470 [7114] INFO: cvm-getter version: 1.0.0.742278~4.1.0
2026-02-11 13:55:02.783 -0600 core5-000FFF9FC470 [7114] INFO: Acquiring a key pair and generating a CSR...
2026-02-11 13:55:02.783 -0600 core5-000FFF9FC470 [7114] INFO: Acquiring a key pair...
2026-02-11 13:55:02.787 -0600 core5-000FFF9FC470 [7114] INFO: Key data does not exist in long-term storage. Generating new key pair...
2026-02-11 13:55:02.787 -0600 core5-000FFF9FC470 [7114] INFO: Attempting to generate ECC key pair of 256 bits.
2026-02-11 13:55:03.176 -0600 core5-000FFF9FC470 [7114] INFO: Key stored in long-term storage.
2026-02-11 13:55:03.176 -0600 core5-000FFF9FC470 [7114] INFO: Successfully acquired a key pair.
2026-02-11 13:55:03.536 -0600 core5-000FFF9FC470 [7114] INFO: CSR generated successfully
2026-02-11 13:55:03.536 -0600 core5-000FFF9FC470 [7114] INFO: CSR generated and written to disk successfully.
2026-02-11 13:55:03.536 -0600 core5-000FFF9FC470 [7114] INFO: Successfully generated a CSR.
2026-02-11 13:55:03.536 -0600 core5-000FFF9FC470 [7114] INFO: Getting certificate from the CVM...
2026-02-11 13:55:04.814 -0600 core5-000FFF9FC470 [7114] INFO: Successfully got the certificate from the CVM.
2026-02-11 13:55:04.815 -0600 core5-000FFF9FC470 [7114] INFO: Signed certificate written to file: /opt/control4/etc/certs/cvm-device.pem
2026-02-11 13:55:04 core5-000FFF9FC470 [] /opt/control4/bin/get-cvm-cert.sh: Testing that the key stored and the key on the file system match...
2026-02-11 13:55:04.887 -0600 core5-000FFF9FC470 [7145] INFO: Logger initialized.
2026-02-11 13:55:04.888 -0600 core5-000FFF9FC470 [7145] INFO: cvm-getter version: 1.0.0.742278~4.1.0
2026-02-11 13:55:04.961 -0600 core5-000FFF9FC470 [7145] INFO: Key test against long-term storage succeeded.
2026-02-11 13:55:04 core5-000FFF9FC470 [] /opt/control4/bin/get-cvm-cert.sh: Non-legacy board detected: core5
2026-02-11 13:55:05 core5-000FFF9FC470 [] /opt/control4/bin/get-cvm-cert.sh: Removed cron job from /etc/cron.d/cvm-getter
2026-02-11 13:55:05 core5-000FFF9FC470 [] /opt/control4/bin/get-cvm-cert.sh: Sent HUP signal to crond to reload changes
