2026-07-11 13:11:15.678 -0500 core5-000FFF9FC470 [1284] DEBUG: |memory|526336|Garage / Driveway-->Luma IP Camera X20|505
2026-07-11 13:11:15.678 -0500 core5-000FFF9FC470 [1284] DEBUG: |memory|451584|Dining Room-->Honeywell Home Thermostat|323
2026-07-11 13:11:15.679 -0500 core5-000FFF9FC470 [1284] DEBUG: |memory|451584|Server Room-->Honeywell Home Thermostat|358
2026-07-11 13:11:15.682 -0500 core5-000FFF9FC470 [1284] DEBUG: |memory|1634304|-->Home Screen|217
2026-07-11 13:14:17.273 -0500 core5-000FFF9FC470 [1284] DEBUG: |memory|5036032|Server Room-->HVAC - Carrier Infinity Network V2|654
2026-07-11 13:17:48.944 -0500 core5-000FFF9FC470 [1284] DEBUG: |memory|449536|Hallway-->Carrier Infinity Thermostat V2|655
2026-07-11 13:26:48.486 -0500 core5-000FFF9FC470 [1284] DEBUG: |memory|1133568|David's Office-->Shelly NG Module - Gen 2+ (Chowmain)|669
2026-07-11 13:28:05.395 -0500 core5-000FFF9FC470 [1284] DEBUG: |memory|384000|David's Office-->Temperature Display Driver (OS 2.10+)|671
2026-07-11 13:36:10.559 -0500 core5-000FFF9FC470 [1284] DEBUG: |memory|678912|Family Room-->BOND (Fan Driver) (3 Speed)|231
2026-07-11 13:37:09.529 -0500 core5-000FFF9FC470 [1284] DEBUG: |memory|1006592|Family Room-->FamRm - BOND Bridge|226
2026-07-11 13:40:42.161 -0500 core5-000FFF9FC470 [1284] DEBUG: |memory|693248|-->Quick Actions|666
2026-07-11 13:45:26.572 -0500 core5-000FFF9FC470 [1284] DEBUG: |memory|433152|-->Halo Remote Hub|59
2026-07-11 13:45:27.042 -0500 core5-000FFF9FC470 [1284] DEBUG: |memory|448512|Family Room-->Halo Remote|209
2026-07-11 13:45:27.198 -0500 core5-000FFF9FC470 [1284] DEBUG: |memory|449536|Family Room-->Halo Remote|567
2026-07-11 13:46:25.432 -0500 core5-000FFF9FC470 [1284] DEBUG: |memory|468992|-->Color|11
2026-07-11 13:46:25.433 -0500 core5-000FFF9FC470 [1284] DEBUG: |memory|488448|-->Recently Played Manager|12
2026-07-11 13:46:26.194 -0500 core5-000FFF9FC470 [1284] DEBUG: |memory|1183744|-->Voice Coordinator|13
2026-07-11 13:46:28.521 -0500 core5-000FFF9FC470 [1284] DEBUG: |memory|779264|-->Data Analytics Agent|15
2026-07-11 13:46:28.527 -0500 core5-000FFF9FC470 [1284] DEBUG: |memory|423936|Server Room-->Remote Hub|22
2026-07-11 13:46:28.528 -0500 core5-000FFF9FC470 [1284] DEBUG: |memory|515072|Theater-->NVIDIA SHIELD TV|23
2026-07-11 13:46:28.528 -0500 core5-000FFF9FC470 [1284] DEBUG: |memory|513024|Guest Suite-->NVIDIA SHIELD TV|31
2026-07-11 13:46:28.528 -0500 core5-000FFF9FC470 [1284] DEBUG: |memory|514048|Family Room-->NVIDIA SHIELD TV|34
2026-07-11 13:46:28.529 -0500 core5-000FFF9FC470 [1284] DEBUG: |memory|8888320|Server Room-->Hue Bridge (OS2.9+)|40
2026-07-11 13:46:28.776 -0500 core5-000FFF9FC470 [1284] DEBUG: |memory|658432|Server Room-->NuHeat Global Controller|41
2026-07-11 13:46:28.778 -0500 core5-000FFF9FC470 [1284] DEBUG: |memory|500736|Family Room-->FamRm - Control|58
2026-07-11 13:46:28.841 -0500 core5-000FFF9FC470 [1284] DEBUG: |memory|814080|Family Room-->Plug-In Outlet Dimmer|70
2026-07-11 13:46:28.846 -0500 core5-000FFF9FC470 [1284] DEBUG: |memory|755712|Media Services-->My Music|77
2026-07-11 13:46:29.029 -0500 core5-000FFF9FC470 [1284] DEBUG: |memory|865280|Family Room-->Sensibo Air/Sky|80
2026-07-11 13:46:31.121 -0500 core5-000FFF9FC470 [1284] DEBUG: |memory|780288|Media Services-->Manage Music|88
2026-07-11 13:46:31.122 -0500 core5-000FFF9FC470 [1284] DEBUG: |memory|746496|Media Services-->My Movies|92
2026-07-11 13:46:31.559 -0500 core5-000FFF9FC470 [1284] DEBUG: |memory|369664|Server Room-->Wattbox|225
2026-07-11 13:46:31.561 -0500 core5-000FFF9FC470 [1284] DEBUG: |memory|306176|Guest Suite-->Light/Fan Button Timer|255
2026-07-11 13:46:31.562 -0500 core5-000FFF9FC470 [1284] DEBUG: |memory|808960|Holiday Lights (Int)-->Plug-In Outlet Dimmer|257
2026-07-11 13:46:31.775 -0500 core5-000FFF9FC470 [1284] DEBUG: |memory|637952|Family Room-->Arcade Games - UI Button|267
2026-07-11 13:46:31.777 -0500 core5-000FFF9FC470 [1284] DEBUG: |memory|598016|Guest Suite-->Nuheat Signature|280
2026-07-11 13:46:31.780 -0500 core5-000FFF9FC470 [1284] DEBUG: |memory|671744|Dining Room-->Philips Hue Light (OS 3.3.0+)|285
2026-07-11 13:46:31.780 -0500 core5-000FFF9FC470 [1284] DEBUG: |memory|812032|Guest Suite-->Plug-In Outlet Dimmer|288
2026-07-11 13:46:31.782 -0500 core5-000FFF9FC470 [1284] DEBUG: |memory|499712|David's Office-->David's Office - Control|296
2026-07-11 13:46:31.782 -0500 core5-000FFF9FC470 [1284] DEBUG: |memory|501760|Guest Suite-->Guest Suite - Control|297
2026-07-11 13:46:31.782 -0500 core5-000FFF9FC470 [1284] DEBUG: |memory|500736|Dining Room-->DiningRm - Control|298
2026-07-11 13:46:31.782 -0500 core5-000FFF9FC470 [1284] DEBUG: |memory|501760|Theater-->Theater - Control|299
2026-07-11 13:46:31.783 -0500 core5-000FFF9FC470 [1284] DEBUG: |memory|499712|Server Room-->Server Room - Control|300
2026-07-11 13:46:31.783 -0500 core5-000FFF9FC470 [1284] DEBUG: |memory|601088|Guest Suite-->LG 43UH6100|304
2026-07-11 13:46:31.785 -0500 core5-000FFF9FC470 [1284] WARN: |memory|1302528|Server Room-->Honeywell Home Master Driver|320
2026-07-11 13:46:31.785 -0500 core5-000FFF9FC470 [1284] DEBUG: |memory|1302528|Server Room-->Honeywell Home Master Driver|320
2026-07-11 13:46:31.911 -0500 core5-000FFF9FC470 [1284] DEBUG: |memory|743424|-->Chowmain Agent|325
2026-07-11 13:46:31.952 -0500 core5-000FFF9FC470 [1284] DEBUG: |memory|640000|Family Room-->Nintendo Switch 2- UI Button|326
2026-07-11 13:46:31.954 -0500 core5-000FFF9FC470 [1284] DEBUG: |memory|526336|Media Services-->TuneIn (Legacy, OS2)|332
2026-07-11 13:46:31.955 -0500 core5-000FFF9FC470 [1284] DEBUG: |memory|976896|Kitchen-->Control4 Chime Video Doorbell|367
2026-07-11 13:46:31.955 -0500 core5-000FFF9FC470 [1284] DEBUG: |memory|971776|Foyer-->Control4 Chime Video Doorbell|372
2026-07-11 13:46:31.955 -0500 core5-000FFF9FC470 [1284] DEBUG: |memory|814080|Holiday Lights (Ext)-->Outdoor Plug-In Outlet Switch|391
2026-07-11 13:46:31.957 -0500 core5-000FFF9FC470 [1284] DEBUG: |memory|814080|Holiday Lights (Ext)-->Outdoor Plug-In Outlet Switch|396
2026-07-11 13:46:31.957 -0500 core5-000FFF9FC470 [1284] DEBUG: |memory|442368|Server Room-->Luma X20 NVR Manager|399
2026-07-11 13:46:31.958 -0500 core5-000FFF9FC470 [1284] DEBUG: |memory|604160|Foyer-->Philips Hue Light (OS 3.3.0+)|401
2026-07-11 13:46:32.281 -0500 core5-000FFF9FC470 [1284] DEBUG: |memory|1265664|Garage / Driveway-->ratgdo|464
2026-07-11 13:46:32.331 -0500 core5-000FFF9FC470 [1284] DEBUG: |memory|1508352|Garage / Driveway-->ratgdo|470
2026-07-11 13:46:32.334 -0500 core5-000FFF9FC470 [1284] DEBUG: |memory|814080|Holiday Lights (Ext)-->Outdoor Plug-In Outlet Switch|476
2026-07-11 13:46:32.334 -0500 core5-000FFF9FC470 [1284] DEBUG: |memory|596992|Kitchen-->Nuheat Signature|483
2026-07-11 13:46:32.334 -0500 core5-000FFF9FC470 [1284] DEBUG: |memory|604160|Back Yard-->Philips Hue Light (OS 3.3.0+)|485
2026-07-11 13:46:32.336 -0500 core5-000FFF9FC470 [1284] DEBUG: |memory|1269760|Server Room-->Triad 16x16 AMS V2|487
2026-07-11 13:46:32.337 -0500 core5-000FFF9FC470 [1284] DEBUG: |memory|288768|Server Room-->Triad 8-Zone Power Amplifier|489
2026-07-11 13:46:32.337 -0500 core5-000FFF9FC470 [1284] DEBUG: |memory|499712|Living Room-->LivingRm - Control|495
2026-07-11 13:46:32.338 -0500 core5-000FFF9FC470 [1284] DEBUG: |memory|1020928|Media Services-->Amazon Music|496
2026-07-11 13:46:32.340 -0500 core5-000FFF9FC470 [1284] DEBUG: |memory|499712|Nikki's Office-->OfficeNik - Control|500
2026-07-11 13:46:32.340 -0500 core5-000FFF9FC470 [1284] DEBUG: |memory|509952|Kitchen-->Kitchen - Control|504
2026-07-11 13:46:32.341 -0500 core5-000FFF9FC470 [1284] DEBUG: |memory|1103872|Media Services-->Apple Music|507
2026-07-11 13:46:32.342 -0500 core5-000FFF9FC470 [1284] DEBUG: |memory|1707008|Media Services-->Apple Music|514
2026-07-11 13:46:32.343 -0500 core5-000FFF9FC470 [1284] DEBUG: |memory|515072|Server Room-->Whole House (Int) - Control|516
2026-07-11 13:46:32.343 -0500 core5-000FFF9FC470 [1284] DEBUG: |memory|609280|Theater-->Philips Hue Light (OS 3.3.0+)|517
2026-07-11 13:46:32.344 -0500 core5-000FFF9FC470 [1284] DEBUG: |memory|606208|Theater-->Philips Hue Light (OS 3.3.0+)|519
2026-07-11 13:46:32.345 -0500 core5-000FFF9FC470 [1284] DEBUG: |memory|713728|Family Room-->Stations|531
2026-07-11 13:46:32.345 -0500 core5-000FFF9FC470 [1284] DEBUG: |memory|716800|Family Room-->Channels|533
2026-07-11 13:46:34.188 -0500 core5-000FFF9FC470 [1284] DEBUG: |memory|817152|Holiday Lights (Int)-->Receptacle Outlet Switch|538
2026-07-11 13:46:34.191 -0500 core5-000FFF9FC470 [1284] DEBUG: |memory|817152|Holiday Lights (Int)-->Receptacle Outlet Switch|541
2026-07-11 13:46:34.192 -0500 core5-000FFF9FC470 [1284] DEBUG: |memory|743424|Theater-->Pioneer VSX-834|544
2026-07-11 13:46:34.575 -0500 core5-000FFF9FC470 [1284] DEBUG: |memory|1838080|Theater-->Theater Neeo Remote|550
2026-07-11 13:46:34.576 -0500 core5-000FFF9FC470 [1284] DEBUG: |memory|385024|Theater-->Sharp LC-70LE757U [IP][Serial][IR]|551
2026-07-11 13:46:34.577 -0500 core5-000FFF9FC470 [1284] DEBUG: |memory|264192|Theater-->PC - UI Button|555
2026-07-11 13:46:34.586 -0500 core5-000FFF9FC470 [1284] DEBUG: |memory|848896|Theater-->Theater Z2io|572
2026-07-11 13:46:34.588 -0500 core5-000FFF9FC470 [1284] DEBUG: |memory|384000|Theater-->Temperature Display Driver (OS 2.10+)|573
2026-07-11 13:46:34.590 -0500 core5-000FFF9FC470 [1284] DEBUG: |memory|847872|Guest Suite-->GuestSte-z2io|575
2026-07-11 13:46:34.590 -0500 core5-000FFF9FC470 [1284] DEBUG: |memory|382976|Guest Suite-->Temperature Display Driver (OS 2.10+)|576
2026-07-11 13:46:34.591 -0500 core5-000FFF9FC470 [1284] DEBUG: |memory|2412544|Electrical Closet-->DMX Gateway|589
2026-07-11 13:46:34.591 -0500 core5-000FFF9FC470 [1284] DEBUG: |memory|409600|-->OVRC WiFi QRCode|592
2026-07-11 13:46:34.591 -0500 core5-000FFF9FC470 [1284] DEBUG: |memory|704512|Kitchen-->DMX Light Driver (OS 3.3.0+)|593
2026-07-11 13:46:34.592 -0500 core5-000FFF9FC470 [1284] DEBUG: |memory|699392|Kitchen-->DMX Light Driver (OS 3.3.0+)|595
2026-07-11 13:46:34.594 -0500 core5-000FFF9FC470 [1284] DEBUG: |memory|700416|Kitchen-->DMX Light Driver (OS 3.3.0+)|597
2026-07-11 13:46:34.594 -0500 core5-000FFF9FC470 [1284] DEBUG: |memory|700416|Kitchen-->DMX Light Driver (OS 3.3.0+)|599
2026-07-11 13:46:34.595 -0500 core5-000FFF9FC470 [1284] DEBUG: |memory|700416|Kitchen-->DMX Light Driver (OS 3.3.0+)|601
2026-07-11 13:46:34.596 -0500 core5-000FFF9FC470 [1284] DEBUG: |memory|700416|Kitchen-->DMX Light Driver (OS 3.3.0+)|603
2026-07-11 13:46:34.597 -0500 core5-000FFF9FC470 [1284] DEBUG: |memory|700416|Kitchen-->DMX Light Driver (OS 3.3.0+)|605
2026-07-11 13:46:34.598 -0500 core5-000FFF9FC470 [1284] DEBUG: |memory|699392|Kitchen-->DMX Light Driver (OS 3.3.0+)|607
2026-07-11 13:46:34.599 -0500 core5-000FFF9FC470 [1284] DEBUG: |memory|700416|Kitchen-->DMX Light Driver (OS 3.3.0+)|609
2026-07-11 13:46:34.601 -0500 core5-000FFF9FC470 [1284] DEBUG: |memory|700416|Kitchen-->DMX Light Driver (OS 3.3.0+)|611
2026-07-11 13:46:36.868 -0500 core5-000FFF9FC470 [1284] DEBUG: |memory|698368|Kitchen-->DMX Light Driver (OS 3.3.0+)|613
2026-07-11 13:46:36.869 -0500 core5-000FFF9FC470 [1284] DEBUG: |memory|698368|Kitchen-->DMX Light Driver (OS 3.3.0+)|615
2026-07-11 13:46:36.869 -0500 core5-000FFF9FC470 [1284] DEBUG: |memory|698368|Kitchen-->DMX Light Driver (OS 3.3.0+)|617
2026-07-11 13:46:36.871 -0500 core5-000FFF9FC470 [1284] DEBUG: |memory|698368|Kitchen-->DMX Light Driver (OS 3.3.0+)|619
2026-07-11 13:46:36.871 -0500 core5-000FFF9FC470 [1284] DEBUG: |memory|698368|Kitchen-->DMX Light Driver (OS 3.3.0+)|621
2026-07-11 13:46:36.871 -0500 core5-000FFF9FC470 [1284] DEBUG: |memory|1272832|Server Room-->Google Assistant|624
2026-07-11 13:46:36.892 -0500 core5-000FFF9FC470 [1284] DEBUG: |memory|698368|Kitchen-->DMX Light Driver (OS 3.3.0+)|626
2026-07-11 13:46:36.893 -0500 core5-000FFF9FC470 [1284] DEBUG: |memory|698368|Kitchen-->DMX Light Driver (OS 3.3.0+)|628
2026-07-11 13:46:36.902 -0500 core5-000FFF9FC470 [1284] DEBUG: |memory|691200|Kitchen-->DMX Light Driver (OS 3.3.0+)|630
2026-07-11 13:46:37.395 -0500 core5-000FFF9FC470 [1284] DEBUG: |memory|433152|Server Room-->Weather Station|636
2026-07-11 13:46:37.397 -0500 core5-000FFF9FC470 [1284] DEBUG: |memory|259072|Family Room-->NVIDIA SHIELD TV-DMW|651
2026-07-11 13:59:25.016 -0500 core5-000FFF9FC470 [1284] DEBUG: |memory|2940928|Hallway-->Lux Universal Dimmer|663
2026-07-11 14:11:06.822 -0500 core5-000FFF9FC470 [1284] DEBUG: |memory|338944|Family Room-->Amazon Prime Video (Universal)|44
2026-07-11 14:11:09.788 -0500 core5-000FFF9FC470 [1284] DEBUG: |memory|338944|Guest Suite-->Amazon Prime Video (Universal)|308
2026-07-11 14:11:09.789 -0500 core5-000FFF9FC470 [1284] DEBUG: |memory|338944|Theater-->Amazon Prime Video (Universal)|565
2026-07-11 14:11:09.797 -0500 core5-000FFF9FC470 [1284] DEBUG: |memory|2593792|Routines-->Alexa|625
2026-07-11 14:11:09.799 -0500 core5-000FFF9FC470 [1284] DEBUG: |memory|337920|Family Room-->Plex (Universal)|46
2026-07-11 14:11:09.799 -0500 core5-000FFF9FC470 [1284] DEBUG: |memory|337920|Guest Suite-->Plex (Universal)|312
2026-07-11 14:11:09.800 -0500 core5-000FFF9FC470 [1284] DEBUG: |memory|337920|Theater-->Plex (Universal)|557
2026-07-11 14:11:09.805 -0500 core5-000FFF9FC470 [1284] DEBUG: |memory|337920|Family Room-->Apple TV (Universal)|644
2026-07-11 14:11:09.817 -0500 core5-000FFF9FC470 [1284] DEBUG: |memory|681984|-->Daylight|14
2026-07-11 14:11:09.817 -0500 core5-000FFF9FC470 [1284] DEBUG: |memory|338944|Family Room-->Netflix (Universal)|42
2026-07-11 14:11:09.817 -0500 core5-000FFF9FC470 [1284] DEBUG: |memory|338944|Guest Suite-->Netflix (Universal)|294
2026-07-11 14:11:09.817 -0500 core5-000FFF9FC470 [1284] DEBUG: |memory|338944|Theater-->Netflix (Universal)|563
2026-07-11 14:11:09.817 -0500 core5-000FFF9FC470 [1284] DEBUG: |memory|336896|Family Room-->YouTube Music (Universal)|52
2026-07-11 14:11:09.817 -0500 core5-000FFF9FC470 [1284] DEBUG: |memory|336896|Guest Suite-->YouTube Music (Universal)|316
2026-07-11 14:11:09.817 -0500 core5-000FFF9FC470 [1284] WARN: |memory|2995200|Guest Suite-->Lux Keypad Dimmer Switch|272
2026-07-11 14:11:09.818 -0500 core5-000FFF9FC470 [1284] DEBUG: |memory|2995200|Guest Suite-->Lux Keypad Dimmer Switch|272
2026-07-11 14:11:09.818 -0500 core5-000FFF9FC470 [1284] DEBUG: |memory|337920|Family Room-->YouTube (Universal)|50
2026-07-11 14:11:09.818 -0500 core5-000FFF9FC470 [1284] DEBUG: |memory|337920|Guest Suite-->YouTube (Universal)|314
2026-07-11 14:11:09.818 -0500 core5-000FFF9FC470 [1284] DEBUG: |memory|337920|Theater-->YouTube (Universal)|559
2026-07-11 14:11:09.818 -0500 core5-000FFF9FC470 [1284] DEBUG: |memory|336896|Family Room-->Steam Link (Universal)|260
2026-07-11 14:11:09.818 -0500 core5-000FFF9FC470 [1284] DEBUG: |memory|337920|Family Room-->YouTube TV (Universal)|48
2026-07-11 14:11:09.818 -0500 core5-000FFF9FC470 [1284] DEBUG: |memory|337920|Guest Suite-->YouTube TV (Universal)|310
2026-07-11 14:11:09.818 -0500 core5-000FFF9FC470 [1284] DEBUG: |memory|337920|Theater-->YouTube TV (Universal)|561
2026-07-11 14:11:09.818 -0500 core5-000FFF9FC470 [1284] DEBUG: |memory|2967552|Dining Room-->Lux Keypad Dimmer Switch|354
2026-07-11 14:11:09.820 -0500 core5-000FFF9FC470 [1284] DEBUG: |memory|966656|Kitchen-->Lux Wired Keypad|435
2026-07-11 14:11:09.820 -0500 core5-000FFF9FC470 [1284] DEBUG: |memory|958464|Kitchen-->Lux Wired Keypad|440
2026-07-11 14:11:09.821 -0500 core5-000FFF9FC470 [1284] DEBUG: |memory|924672|Kitchen-->Lux Wired Keypad|442
2026-07-11 14:11:09.823 -0500 core5-000FFF9FC470 [1284] DEBUG: |memory|954368|Kitchen-->Lux Wired Keypad|444
2026-07-11 14:11:09.824 -0500 core5-000FFF9FC470 [1284] DEBUG: |memory|922624|Kitchen-->Lux Wired Keypad|446
2026-07-11 14:11:09.826 -0500 core5-000FFF9FC470 [1284] DEBUG: |memory|953344|Kitchen-->Lux Wired Keypad|448
2026-07-11 14:11:12.962 -0500 core5-000FFF9FC470 [1284] DEBUG: |memory|949248|Kitchen-->Lux Wired Keypad|450
2026-07-11 14:11:12.967 -0500 core5-000FFF9FC470 [1284] DEBUG: |memory|922624|Kitchen-->Lux Wired Keypad|452
2026-07-11 14:11:13.112 -0500 core5-000FFF9FC470 [1284] DEBUG: |memory|958464|Kitchen-->Lux Wired Keypad|454
2026-07-11 14:11:13.115 -0500 core5-000FFF9FC470 [1284] DEBUG: |memory|586752|-->Routines|215
2026-07-11 14:11:13.115 -0500 core5-000FFF9FC470 [1284] DEBUG: |memory|2927616|Guest Suite-->Lux Variable Speed Controller|301
2026-07-11 14:11:15.644 -0500 core5-000FFF9FC470 [1284] DEBUG: |memory|2842624|Dining Room-->Lux Configurable Keypad|352
2026-07-11 14:11:15.648 -0500 core5-000FFF9FC470 [1284] DEBUG: |memory|410624|-->Timeline|218
2026-07-11 14:11:15.649 -0500 core5-000FFF9FC470 [1284] DEBUG: |memory|525312|Front Yard-->Luma IP Camera X20|429
2026-07-11 14:11:15.655 -0500 core5-000FFF9FC470 [1284] DEBUG: |memory|752640|Garage / Driveway-->Luma IP Camera X20|433
2026-07-11 14:11:15.657 -0500 core5-000FFF9FC470 [1284] DEBUG: |memory|527360|Back Yard-->Luma IP Camera X20|456
2026-07-11 14:11:15.659 -0500 core5-000FFF9FC470 [1284] DEBUG: |memory|525312|Back Yard-->Luma IP Camera X20|458
2026-07-11 14:11:15.676 -0500 core5-000FFF9FC470 [1284] DEBUG: |memory|523264|Back Yard-->Luma IP Camera X20|460
2026-07-11 14:11:15.678 -0500 core5-000FFF9FC470 [1284] DEBUG: |memory|753664|Garage / Driveway-->Luma IP Camera X20|505
2026-07-11 14:11:15.680 -0500 core5-000FFF9FC470 [1284] DEBUG: |memory|451584|Dining Room-->Honeywell Home Thermostat|323
2026-07-11 14:11:15.680 -0500 core5-000FFF9FC470 [1284] DEBUG: |memory|451584|Server Room-->Honeywell Home Thermostat|358
2026-07-11 14:11:15.686 -0500 core5-000FFF9FC470 [1284] DEBUG: |memory|1637376|-->Home Screen|217
2026-07-11 14:14:17.274 -0500 core5-000FFF9FC470 [1284] WARN: |memory|5124096|Server Room-->HVAC - Carrier Infinity Network V2|654
2026-07-11 14:14:17.274 -0500 core5-000FFF9FC470 [1284] DEBUG: |memory|5124096|Server Room-->HVAC - Carrier Infinity Network V2|654
2026-07-11 14:17:48.944 -0500 core5-000FFF9FC470 [1284] DEBUG: |memory|449536|Hallway-->Carrier Infinity Thermostat V2|655
2026-07-11 14:26:48.487 -0500 core5-000FFF9FC470 [1284] DEBUG: |memory|1136640|David's Office-->Shelly NG Module - Gen 2+ (Chowmain)|669
2026-07-11 14:28:05.396 -0500 core5-000FFF9FC470 [1284] DEBUG: |memory|384000|David's Office-->Temperature Display Driver (OS 2.10+)|671
2026-07-11 14:36:10.560 -0500 core5-000FFF9FC470 [1284] DEBUG: |memory|679936|Family Room-->BOND (Fan Driver) (3 Speed)|231
2026-07-11 14:37:09.530 -0500 core5-000FFF9FC470 [1284] DEBUG: |memory|1010688|Family Room-->FamRm - BOND Bridge|226
2026-07-11 14:40:42.162 -0500 core5-000FFF9FC470 [1284] DEBUG: |memory|693248|-->Quick Actions|666
2026-07-11 14:45:26.573 -0500 core5-000FFF9FC470 [1284] WARN: |memory|437248|-->Halo Remote Hub|59
2026-07-11 14:45:26.573 -0500 core5-000FFF9FC470 [1284] DEBUG: |memory|437248|-->Halo Remote Hub|59
2026-07-11 14:45:27.044 -0500 core5-000FFF9FC470 [1284] DEBUG: |memory|448512|Family Room-->Halo Remote|209
2026-07-11 14:45:27.199 -0500 core5-000FFF9FC470 [1284] DEBUG: |memory|449536|Family Room-->Halo Remote|567
2026-07-11 14:46:25.432 -0500 core5-000FFF9FC470 [1284] DEBUG: |memory|468992|-->Color|11
2026-07-11 14:46:25.433 -0500 core5-000FFF9FC470 [1284] DEBUG: |memory|488448|-->Recently Played Manager|12
2026-07-11 14:46:26.194 -0500 core5-000FFF9FC470 [1284] DEBUG: |memory|1183744|-->Voice Coordinator|13
2026-07-11 14:46:28.521 -0500 core5-000FFF9FC470 [1284] DEBUG: |memory|779264|-->Data Analytics Agent|15
2026-07-11 14:46:28.545 -0500 core5-000FFF9FC470 [1284] DEBUG: |memory|423936|Server Room-->Remote Hub|22
2026-07-11 14:46:28.546 -0500 core5-000FFF9FC470 [1284] DEBUG: |memory|516096|Theater-->NVIDIA SHIELD TV|23
2026-07-11 14:46:28.546 -0500 core5-000FFF9FC470 [1284] DEBUG: |memory|513024|Guest Suite-->NVIDIA SHIELD TV|31
2026-07-11 14:46:28.546 -0500 core5-000FFF9FC470 [1284] DEBUG: |memory|516096|Family Room-->NVIDIA SHIELD TV|34
2026-07-11 14:46:28.547 -0500 core5-000FFF9FC470 [1284] DEBUG: |memory|8883200|Server Room-->Hue Bridge (OS2.9+)|40
2026-07-11 14:46:28.777 -0500 core5-000FFF9FC470 [1284] DEBUG: |memory|658432|Server Room-->NuHeat Global Controller|41
2026-07-11 14:46:28.778 -0500 core5-000FFF9FC470 [1284] DEBUG: |memory|500736|Family Room-->FamRm - Control|58
2026-07-11 14:46:28.842 -0500 core5-000FFF9FC470 [1284] DEBUG: |memory|815104|Family Room-->Plug-In Outlet Dimmer|70
2026-07-11 14:46:28.846 -0500 core5-000FFF9FC470 [1284] DEBUG: |memory|755712|Media Services-->My Music|77
2026-07-11 14:46:29.030 -0500 core5-000FFF9FC470 [1284] DEBUG: |memory|865280|Family Room-->Sensibo Air/Sky|80
2026-07-11 14:46:31.121 -0500 core5-000FFF9FC470 [1284] DEBUG: |memory|780288|Media Services-->Manage Music|88
2026-07-11 14:46:31.124 -0500 core5-000FFF9FC470 [1284] DEBUG: |memory|746496|Media Services-->My Movies|92
2026-07-11 14:46:31.581 -0500 core5-000FFF9FC470 [1284] DEBUG: |memory|369664|Server Room-->Wattbox|225
2026-07-11 14:46:31.582 -0500 core5-000FFF9FC470 [1284] DEBUG: |memory|306176|Guest Suite-->Light/Fan Button Timer|255
2026-07-11 14:46:31.582 -0500 core5-000FFF9FC470 [1284] DEBUG: |memory|808960|Holiday Lights (Int)-->Plug-In Outlet Dimmer|257
2026-07-11 14:46:31.776 -0500 core5-000FFF9FC470 [1284] DEBUG: |memory|637952|Family Room-->Arcade Games - UI Button|267
2026-07-11 14:46:31.779 -0500 core5-000FFF9FC470 [1284] DEBUG: |memory|598016|Guest Suite-->Nuheat Signature|280
2026-07-11 14:46:31.780 -0500 core5-000FFF9FC470 [1284] DEBUG: |memory|671744|Dining Room-->Philips Hue Light (OS 3.3.0+)|285
2026-07-11 14:46:31.782 -0500 core5-000FFF9FC470 [1284] DEBUG: |memory|813056|Guest Suite-->Plug-In Outlet Dimmer|288
2026-07-11 14:46:31.785 -0500 core5-000FFF9FC470 [1284] DEBUG: |memory|499712|David's Office-->David's Office - Control|296
2026-07-11 14:46:31.785 -0500 core5-000FFF9FC470 [1284] DEBUG: |memory|501760|Guest Suite-->Guest Suite - Control|297
2026-07-11 14:46:31.785 -0500 core5-000FFF9FC470 [1284] DEBUG: |memory|500736|Dining Room-->DiningRm - Control|298
2026-07-11 14:46:31.785 -0500 core5-000FFF9FC470 [1284] DEBUG: |memory|501760|Theater-->Theater - Control|299
2026-07-11 14:46:31.785 -0500 core5-000FFF9FC470 [1284] DEBUG: |memory|499712|Server Room-->Server Room - Control|300
2026-07-11 14:46:31.785 -0500 core5-000FFF9FC470 [1284] DEBUG: |memory|601088|Guest Suite-->LG 43UH6100|304
2026-07-11 14:46:31.787 -0500 core5-000FFF9FC470 [1284] WARN: |memory|1314816|Server Room-->Honeywell Home Master Driver|320
2026-07-11 14:46:31.787 -0500 core5-000FFF9FC470 [1284] DEBUG: |memory|1314816|Server Room-->Honeywell Home Master Driver|320
2026-07-11 14:46:31.913 -0500 core5-000FFF9FC470 [1284] DEBUG: |memory|743424|-->Chowmain Agent|325
2026-07-11 14:46:31.953 -0500 core5-000FFF9FC470 [1284] DEBUG: |memory|640000|Family Room-->Nintendo Switch 2- UI Button|326
2026-07-11 14:46:31.955 -0500 core5-000FFF9FC470 [1284] DEBUG: |memory|526336|Media Services-->TuneIn (Legacy, OS2)|332
2026-07-11 14:46:31.956 -0500 core5-000FFF9FC470 [1284] DEBUG: |memory|976896|Kitchen-->Control4 Chime Video Doorbell|367
2026-07-11 14:46:31.957 -0500 core5-000FFF9FC470 [1284] DEBUG: |memory|971776|Foyer-->Control4 Chime Video Doorbell|372
2026-07-11 14:46:31.957 -0500 core5-000FFF9FC470 [1284] DEBUG: |memory|814080|Holiday Lights (Ext)-->Outdoor Plug-In Outlet Switch|391
2026-07-11 14:46:31.958 -0500 core5-000FFF9FC470 [1284] DEBUG: |memory|814080|Holiday Lights (Ext)-->Outdoor Plug-In Outlet Switch|396
2026-07-11 14:46:31.959 -0500 core5-000FFF9FC470 [1284] DEBUG: |memory|442368|Server Room-->Luma X20 NVR Manager|399
2026-07-11 14:46:31.959 -0500 core5-000FFF9FC470 [1284] DEBUG: |memory|604160|Foyer-->Philips Hue Light (OS 3.3.0+)|401
2026-07-11 14:46:32.283 -0500 core5-000FFF9FC470 [1284] DEBUG: |memory|1327104|Garage / Driveway-->ratgdo|464
2026-07-11 14:46:32.333 -0500 core5-000FFF9FC470 [1284] DEBUG: |memory|1428480|Garage / Driveway-->ratgdo|470
2026-07-11 14:46:32.336 -0500 core5-000FFF9FC470 [1284] DEBUG: |memory|814080|Holiday Lights (Ext)-->Outdoor Plug-In Outlet Switch|476
2026-07-11 14:46:32.336 -0500 core5-000FFF9FC470 [1284] DEBUG: |memory|596992|Kitchen-->Nuheat Signature|483
2026-07-11 14:46:32.336 -0500 core5-000FFF9FC470 [1284] DEBUG: |memory|604160|Back Yard-->Philips Hue Light (OS 3.3.0+)|485
2026-07-11 14:46:32.338 -0500 core5-000FFF9FC470 [1284] DEBUG: |memory|1164288|Server Room-->Triad 16x16 AMS V2|487
2026-07-11 14:46:32.338 -0500 core5-000FFF9FC470 [1284] DEBUG: |memory|288768|Server Room-->Triad 8-Zone Power Amplifier|489
2026-07-11 14:46:32.338 -0500 core5-000FFF9FC470 [1284] DEBUG: |memory|499712|Living Room-->LivingRm - Control|495
2026-07-11 14:46:32.339 -0500 core5-000FFF9FC470 [1284] DEBUG: |memory|1021952|Media Services-->Amazon Music|496
2026-07-11 14:46:32.344 -0500 core5-000FFF9FC470 [1284] DEBUG: |memory|499712|Nikki's Office-->OfficeNik - Control|500
2026-07-11 14:46:32.344 -0500 core5-000FFF9FC470 [1284] DEBUG: |memory|509952|Kitchen-->Kitchen - Control|504
2026-07-11 14:46:32.344 -0500 core5-000FFF9FC470 [1284] DEBUG: |memory|1103872|Media Services-->Apple Music|507
2026-07-11 14:46:32.344 -0500 core5-000FFF9FC470 [1284] DEBUG: |memory|1707008|Media Services-->Apple Music|514
2026-07-11 14:46:32.345 -0500 core5-000FFF9FC470 [1284] DEBUG: |memory|515072|Server Room-->Whole House (Int) - Control|516
2026-07-11 14:46:32.345 -0500 core5-000FFF9FC470 [1284] DEBUG: |memory|609280|Theater-->Philips Hue Light (OS 3.3.0+)|517
2026-07-11 14:46:32.345 -0500 core5-000FFF9FC470 [1284] DEBUG: |memory|606208|Theater-->Philips Hue Light (OS 3.3.0+)|519
2026-07-11 14:46:32.346 -0500 core5-000FFF9FC470 [1284] DEBUG: |memory|713728|Family Room-->Stations|531
2026-07-11 14:46:32.346 -0500 core5-000FFF9FC470 [1284] DEBUG: |memory|716800|Family Room-->Channels|533
2026-07-11 14:46:34.189 -0500 core5-000FFF9FC470 [1284] DEBUG: |memory|818176|Holiday Lights (Int)-->Receptacle Outlet Switch|538
2026-07-11 14:46:34.191 -0500 core5-000FFF9FC470 [1284] DEBUG: |memory|817152|Holiday Lights (Int)-->Receptacle Outlet Switch|541
2026-07-11 14:46:34.193 -0500 core5-000FFF9FC470 [1284] DEBUG: |memory|743424|Theater-->Pioneer VSX-834|544
2026-07-11 14:46:34.576 -0500 core5-000FFF9FC470 [1284] DEBUG: |memory|1838080|Theater-->Theater Neeo Remote|550
2026-07-11 14:46:34.579 -0500 core5-000FFF9FC470 [1284] DEBUG: |memory|385024|Theater-->Sharp LC-70LE757U [IP][Serial][IR]|551
2026-07-11 14:46:34.579 -0500 core5-000FFF9FC470 [1284] DEBUG: |memory|264192|Theater-->PC - UI Button|555
2026-07-11 14:46:34.586 -0500 core5-000FFF9FC470 [1284] DEBUG: |memory|848896|Theater-->Theater Z2io|572
2026-07-11 14:46:34.589 -0500 core5-000FFF9FC470 [1284] DEBUG: |memory|384000|Theater-->Temperature Display Driver (OS 2.10+)|573
2026-07-11 14:46:34.590 -0500 core5-000FFF9FC470 [1284] DEBUG: |memory|847872|Guest Suite-->GuestSte-z2io|575
2026-07-11 14:46:34.590 -0500 core5-000FFF9FC470 [1284] DEBUG: |memory|382976|Guest Suite-->Temperature Display Driver (OS 2.10+)|576
2026-07-11 14:46:34.591 -0500 core5-000FFF9FC470 [1284] DEBUG: |memory|2412544|Electrical Closet-->DMX Gateway|589
2026-07-11 14:46:34.593 -0500 core5-000FFF9FC470 [1284] DEBUG: |memory|409600|-->OVRC WiFi QRCode|592
2026-07-11 14:46:34.593 -0500 core5-000FFF9FC470 [1284] DEBUG: |memory|704512|Kitchen-->DMX Light Driver (OS 3.3.0+)|593
2026-07-11 14:46:34.593 -0500 core5-000FFF9FC470 [1284] DEBUG: |memory|699392|Kitchen-->DMX Light Driver (OS 3.3.0+)|595
2026-07-11 14:46:34.594 -0500 core5-000FFF9FC470 [1284] DEBUG: |memory|700416|Kitchen-->DMX Light Driver (OS 3.3.0+)|597
2026-07-11 14:46:34.594 -0500 core5-000FFF9FC470 [1284] DEBUG: |memory|700416|Kitchen-->DMX Light Driver (OS 3.3.0+)|599
2026-07-11 14:46:34.595 -0500 core5-000FFF9FC470 [1284] DEBUG: |memory|700416|Kitchen-->DMX Light Driver (OS 3.3.0+)|601
2026-07-11 14:46:34.597 -0500 core5-000FFF9FC470 [1284] DEBUG: |memory|700416|Kitchen-->DMX Light Driver (OS 3.3.0+)|603
2026-07-11 14:46:34.598 -0500 core5-000FFF9FC470 [1284] DEBUG: |memory|700416|Kitchen-->DMX Light Driver (OS 3.3.0+)|605
2026-07-11 14:46:34.599 -0500 core5-000FFF9FC470 [1284] DEBUG: |memory|699392|Kitchen-->DMX Light Driver (OS 3.3.0+)|607
2026-07-11 14:46:34.600 -0500 core5-000FFF9FC470 [1284] DEBUG: |memory|700416|Kitchen-->DMX Light Driver (OS 3.3.0+)|609
2026-07-11 14:46:34.601 -0500 core5-000FFF9FC470 [1284] DEBUG: |memory|700416|Kitchen-->DMX Light Driver (OS 3.3.0+)|611
2026-07-11 14:46:36.868 -0500 core5-000FFF9FC470 [1284] DEBUG: |memory|698368|Kitchen-->DMX Light Driver (OS 3.3.0+)|613
2026-07-11 14:46:36.870 -0500 core5-000FFF9FC470 [1284] DEBUG: |memory|698368|Kitchen-->DMX Light Driver (OS 3.3.0+)|615
2026-07-11 14:46:36.870 -0500 core5-000FFF9FC470 [1284] DEBUG: |memory|698368|Kitchen-->DMX Light Driver (OS 3.3.0+)|617
2026-07-11 14:46:36.871 -0500 core5-000FFF9FC470 [1284] DEBUG: |memory|698368|Kitchen-->DMX Light Driver (OS 3.3.0+)|619
2026-07-11 14:46:36.871 -0500 core5-000FFF9FC470 [1284] DEBUG: |memory|698368|Kitchen-->DMX Light Driver (OS 3.3.0+)|621
2026-07-11 14:46:36.872 -0500 core5-000FFF9FC470 [1284] DEBUG: |memory|1272832|Server Room-->Google Assistant|624
2026-07-11 14:46:36.892 -0500 core5-000FFF9FC470 [1284] DEBUG: |memory|698368|Kitchen-->DMX Light Driver (OS 3.3.0+)|626
2026-07-11 14:46:36.893 -0500 core5-000FFF9FC470 [1284] DEBUG: |memory|698368|Kitchen-->DMX Light Driver (OS 3.3.0+)|628
2026-07-11 14:46:36.902 -0500 core5-000FFF9FC470 [1284] DEBUG: |memory|691200|Kitchen-->DMX Light Driver (OS 3.3.0+)|630
2026-07-11 14:46:37.396 -0500 core5-000FFF9FC470 [1284] DEBUG: |memory|433152|Server Room-->Weather Station|636
2026-07-11 14:46:37.402 -0500 core5-000FFF9FC470 [1284] DEBUG: |memory|259072|Family Room-->NVIDIA SHIELD TV-DMW|651
2026-07-11 14:59:25.016 -0500 core5-000FFF9FC470 [1284] DEBUG: |memory|2940928|Hallway-->Lux Universal Dimmer|663
2026-07-11 15:11:06.824 -0500 core5-000FFF9FC470 [1284] DEBUG: |memory|338944|Family Room-->Amazon Prime Video (Universal)|44
2026-07-11 15:11:09.790 -0500 core5-000FFF9FC470 [1284] DEBUG: |memory|338944|Guest Suite-->Amazon Prime Video (Universal)|308
2026-07-11 15:11:09.790 -0500 core5-000FFF9FC470 [1284] DEBUG: |memory|338944|Theater-->Amazon Prime Video (Universal)|565
2026-07-11 15:11:09.798 -0500 core5-000FFF9FC470 [1284] DEBUG: |memory|2582528|Routines-->Alexa|625
2026-07-11 15:11:09.799 -0500 core5-000FFF9FC470 [1284] DEBUG: |memory|337920|Family Room-->Plex (Universal)|46
2026-07-11 15:11:09.799 -0500 core5-000FFF9FC470 [1284] DEBUG: |memory|337920|Guest Suite-->Plex (Universal)|312
2026-07-11 15:11:09.800 -0500 core5-000FFF9FC470 [1284] DEBUG: |memory|337920|Theater-->Plex (Universal)|557
2026-07-11 15:11:09.805 -0500 core5-000FFF9FC470 [1284] DEBUG: |memory|337920|Family Room-->Apple TV (Universal)|644
2026-07-11 15:11:09.817 -0500 core5-000FFF9FC470 [1284] DEBUG: |memory|681984|-->Daylight|14
2026-07-11 15:11:09.818 -0500 core5-000FFF9FC470 [1284] DEBUG: |memory|338944|Family Room-->Netflix (Universal)|42
2026-07-11 15:11:09.818 -0500 core5-000FFF9FC470 [1284] DEBUG: |memory|338944|Guest Suite-->Netflix (Universal)|294
2026-07-11 15:11:09.818 -0500 core5-000FFF9FC470 [1284] DEBUG: |memory|338944|Theater-->Netflix (Universal)|563
2026-07-11 15:11:09.818 -0500 core5-000FFF9FC470 [1284] DEBUG: |memory|336896|Family Room-->YouTube Music (Universal)|52
2026-07-11 15:11:09.818 -0500 core5-000FFF9FC470 [1284] DEBUG: |memory|336896|Guest Suite-->YouTube Music (Universal)|316
2026-07-11 15:11:09.819 -0500 core5-000FFF9FC470 [1284] DEBUG: |memory|2960384|Guest Suite-->Lux Keypad Dimmer Switch|272
2026-07-11 15:11:09.819 -0500 core5-000FFF9FC470 [1284] DEBUG: |memory|337920|Family Room-->YouTube (Universal)|50
2026-07-11 15:11:09.820 -0500 core5-000FFF9FC470 [1284] DEBUG: |memory|337920|Guest Suite-->YouTube (Universal)|314
2026-07-11 15:11:09.820 -0500 core5-000FFF9FC470 [1284] DEBUG: |memory|337920|Theater-->YouTube (Universal)|559
2026-07-11 15:11:09.820 -0500 core5-000FFF9FC470 [1284] DEBUG: |memory|336896|Family Room-->Steam Link (Universal)|260
2026-07-11 15:11:09.820 -0500 core5-000FFF9FC470 [1284] DEBUG: |memory|337920|Family Room-->YouTube TV (Universal)|48
2026-07-11 15:11:09.820 -0500 core5-000FFF9FC470 [1284] DEBUG: |memory|337920|Guest Suite-->YouTube TV (Universal)|310
2026-07-11 15:11:09.821 -0500 core5-000FFF9FC470 [1284] DEBUG: |memory|337920|Theater-->YouTube TV (Universal)|561
2026-07-11 15:11:09.821 -0500 core5-000FFF9FC470 [1284] DEBUG: |memory|2967552|Dining Room-->Lux Keypad Dimmer Switch|354
2026-07-11 15:11:09.822 -0500 core5-000FFF9FC470 [1284] DEBUG: |memory|959488|Kitchen-->Lux Wired Keypad|435
2026-07-11 15:11:09.823 -0500 core5-000FFF9FC470 [1284] DEBUG: |memory|959488|Kitchen-->Lux Wired Keypad|440
2026-07-11 15:11:09.824 -0500 core5-000FFF9FC470 [1284] DEBUG: |memory|921600|Kitchen-->Lux Wired Keypad|442
2026-07-11 15:11:09.825 -0500 core5-000FFF9FC470 [1284] DEBUG: |memory|953344|Kitchen-->Lux Wired Keypad|444
2026-07-11 15:11:09.834 -0500 core5-000FFF9FC470 [1284] DEBUG: |memory|923648|Kitchen-->Lux Wired Keypad|446
2026-07-11 15:11:09.836 -0500 core5-000FFF9FC470 [1284] DEBUG: |memory|953344|Kitchen-->Lux Wired Keypad|448
2026-07-11 15:11:12.964 -0500 core5-000FFF9FC470 [1284] DEBUG: |memory|947200|Kitchen-->Lux Wired Keypad|450
2026-07-11 15:11:12.967 -0500 core5-000FFF9FC470 [1284] DEBUG: |memory|924672|Kitchen-->Lux Wired Keypad|452
2026-07-11 15:11:13.112 -0500 core5-000FFF9FC470 [1284] DEBUG: |memory|961536|Kitchen-->Lux Wired Keypad|454
2026-07-11 15:11:13.115 -0500 core5-000FFF9FC470 [1284] DEBUG: |memory|586752|-->Routines|215
2026-07-11 15:11:13.117 -0500 core5-000FFF9FC470 [1284] DEBUG: |memory|2908160|Guest Suite-->Lux Variable Speed Controller|301
2026-07-11 15:11:15.644 -0500 core5-000FFF9FC470 [1284] DEBUG: |memory|2842624|Dining Room-->Lux Configurable Keypad|352
2026-07-11 15:11:15.649 -0500 core5-000FFF9FC470 [1284] DEBUG: |memory|410624|-->Timeline|218
2026-07-11 15:11:15.650 -0500 core5-000FFF9FC470 [1284] DEBUG: |memory|527360|Front Yard-->Luma IP Camera X20|429
2026-07-11 15:11:15.656 -0500 core5-000FFF9FC470 [1284] DEBUG: |memory|525312|Garage / Driveway-->Luma IP Camera X20|433
2026-07-11 15:11:15.658 -0500 core5-000FFF9FC470 [1284] DEBUG: |memory|527360|Back Yard-->Luma IP Camera X20|456
2026-07-11 15:11:15.659 -0500 core5-000FFF9FC470 [1284] DEBUG: |memory|525312|Back Yard-->Luma IP Camera X20|458
2026-07-11 15:11:15.678 -0500 core5-000FFF9FC470 [1284] DEBUG: |memory|525312|Back Yard-->Luma IP Camera X20|460
2026-07-11 15:11:15.682 -0500 core5-000FFF9FC470 [1284] DEBUG: |memory|753664|Garage / Driveway-->Luma IP Camera X20|505
2026-07-11 15:11:15.683 -0500 core5-000FFF9FC470 [1284] DEBUG: |memory|452608|Dining Room-->Honeywell Home Thermostat|323
2026-07-11 15:11:15.683 -0500 core5-000FFF9FC470 [1284] DEBUG: |memory|452608|Server Room-->Honeywell Home Thermostat|358
2026-07-11 15:11:15.687 -0500 core5-000FFF9FC470 [1284] DEBUG: |memory|1641472|-->Home Screen|217
2026-07-11 15:14:17.274 -0500 core5-000FFF9FC470 [1284] DEBUG: |memory|5088256|Server Room-->HVAC - Carrier Infinity Network V2|654
2026-07-11 15:17:48.945 -0500 core5-000FFF9FC470 [1284] DEBUG: |memory|449536|Hallway-->Carrier Infinity Thermostat V2|655
2026-07-11 15:26:48.489 -0500 core5-000FFF9FC470 [1284] DEBUG: |memory|1142784|David's Office-->Shelly NG Module - Gen 2+ (Chowmain)|669
2026-07-11 15:28:05.396 -0500 core5-000FFF9FC470 [1284] DEBUG: |memory|384000|David's Office-->Temperature Display Driver (OS 2.10+)|671
