2026-05-22 13:47:11 [1.960193] core5-000FFF9FC470 START command: 
2026-05-22 13:47:11 [1.960193] core5-000FFF9FC470 parent: /sbin/init 
2026-05-22 13:47:11 [960019.960034] core5-000FFF9FC470 restart zpc }
2026-05-22 13:47:11 [960019.960034] core5-000FFF9FC470 exit 0
2026-05-22 13:47:11 [1.960193] core5-000FFF9FC470 board core5 supported
2026-05-22 13:47:11 [1.960193] core5-000FFF9FC470 serial device /var/run/uic/ttyZGM found /dev/ttymxc3
2026-05-22 13:47:11 [1.960193] core5-000FFF9FC470 setup uic user
2026-05-22 13:47:12 [1.960193] core5-000FFF9FC470 fix permissions
2026-05-22 13:47:12 [1.960193] core5-000FFF9FC470 get rf region: US_LR
2026-05-22 13:47:12 [1.960193] core5-000FFF9FC470 configure zpc {
2026-05-22 13:47:12 [1.960193] core5-000FFF9FC470 configure zpc }
2026-05-22 13:47:12 [1.960193] core5-000FFF9FC470 zpc_db_version = ver_1.3.2
2026-05-22 13:47:12 [1.960193] core5-000FFF9FC470 rf_region is set to US_LR
2026-05-22 13:47:12 [1.960193] core5-000FFF9FC470 start zpc {
2026-05-22 13:47:12 [1.960193] core5-000FFF9FC470 zpc pid: 960148
2026-05-22 13:47:14 [1.960193] core5-000FFF9FC470 zpc pid: 960148
2026-05-22 13:47:14 [1.960193] core5-000FFF9FC470 enable service zpc {
2026-05-22 13:47:14 [1.960193] core5-000FFF9FC470 zpc pid: 960148
2026-05-22 13:47:14 [1.960193] core5-000FFF9FC470 zpc pid: 960148
2026-05-22 13:47:14 [1.960193] core5-000FFF9FC470 enable service zpc }
2026-05-22 13:47:14 [1.960193] core5-000FFF9FC470 zpc pid: 960148
2026-05-22 13:47:14 [1.960193] core5-000FFF9FC470 start zpc }
2026-05-22 13:47:14 [1.960193] core5-000FFF9FC470 exit 0
